<?xml version="1.0" encoding="UTF-8"?>
<!-- Generated by org.testng.reporters.JUnitReportReporter -->
<testsuite hostname="apples-MacBook-Pro.local" failures="0" tests="1" name="com.lambdatest.TestNGTodo1" time="8.114" errors="0" timestamp="2023-08-30T00:28:41 IST" skipped="0">
  <testcase classname="com.lambdatest.TestNGTodo1" name="basicTest" time="8.114"/>
</testsuite> <!-- com.lambdatest.TestNGTodo1 -->
